b12d84c25244038eb6857573cc624086fd8cf4d9  ./modules/xdma_drv/xdma/xdma.ko
b9addd884cd941d36df8e128bd90341bab19b5ec  ./modules/xdma_drv/tools/dma_to_device
cd6800e5bd07d40ec9fd45ffd12fdcd31d522ff5  ./modules/xdma_drv/tools/dma_from_device
f4b1761027bb3e8c031a4b92668405725ce79bfc  ./modules/xdma_drv/tools/performance
fa533e1254223b7ce32eba2dcc5e45c967a65ce3  ./modules/xdma_drv/tools/cmp_x
947e345cb3144f426b3603850f694d0f6fffe9b8  ./modules/xdma_drv/tools/uav19AG_app
c528e8971d70cc0bf5f8006e933e0f556028022a  ./modules/xdma_drv/tools/reg_rw
c31d09a05f3cdf3b0eaa19b60658816f7272dfe1  ./modules/xdma_drv/tools/test_chrdev
0c4f78ea6e2da432b16cc9c9321dcea7f5acf2c7  ./modules/xdma_drv/tests/dma_memory_mapped_test.sh
2a620cce7e786f696df8778e8063ee39c41568e9  ./modules/xdma_drv/tests/perform_hwcount.sh
f4d0ef5e4b530d37407bc49c5eaeec7e86df467a  ./modules/xdma_drv/tests/scripts_mm/fio_test.sh
b59e212267736aba1d2c9c3d7dcbc29124652102  ./modules/xdma_drv/tests/scripts_mm/io.sh
85bf3766e1c7cfe88aa327da03b457f64918b2e0  ./modules/xdma_drv/tests/scripts_mm/unaligned.sh
f0eea578bdb386a475b433b770e705ccaafd3411  ./modules/xdma_drv/tests/scripts_mm/xdma_mm.sh
8bcd05f98dadbf8ef1e02503a2a62c53b7f8fc55  ./modules/xdma_drv/tests/scripts_mm/io_sweep.sh
050ef19036c5890074715561ad9f22a8e0d44db5  ./modules/xdma_drv/tests/scripts_mm/libtest.sh
463ba8235e96ec91bef1e27387602c4eb4550c0a  ./modules/xdma_drv/tests/scripts_mm/fio_parse_result.sh
1bca2b65d3d4835ea4a8236c6a600a0986eea697  ./modules/xdma_drv/tests/data/datafile_32M.bin
e9dded8c84614e894501965af60c2525794a8c7d  ./modules/xdma_drv/tests/data/datafile3_4K.bin
6d9b2d078408d1ab0872cc7471a8863b99a06465  ./modules/xdma_drv/tests/data/datafile_8K.bin
4c34ecd47be1106f9a7b7fd576915f05317f89bc  ./modules/xdma_drv/tests/data/datafile_256K.bin
686baac143c03a6745b84fd40e0918a4c3eaa3cd  ./modules/xdma_drv/tests/data/datafile2_4K.bin
38cbc7951061b18a7ac7a2df847f856cb1f12d33  ./modules/xdma_drv/tests/data/datafile0_4K.bin
db0377dc7b668aa69d34272324f8c38725bb1fc9  ./modules/xdma_drv/tests/data/datafile1_4K.bin
7aede36a750d555372a34c024f9be27730682996  ./modules/xdma_drv/tests/run_test.sh
3432a74e75053a7402924a52da253f72b78dcf8b  ./modules/xdma_drv/tests/reg_rw
d798b5d44ccc092a9b2172ace8ab4b2837fa489c  ./modules/xdma_drv/tests/load_driver.sh
a26ab5c6dbc5bf8a18e6c8e5e7feeb4ef53be8b5  ./modules/xdma_drv/tests/dma_read.txt
5a9ad7e1f01860b00ea71dbe597daa5d64c91f5c  ./modules/xdma_drv/tests/dma_streaming_test.sh
3f16d2fdf270ea251fcaae02dca938250bccdc97  ./misc/machine_model
589f7ad7d6af64eda195c6cda472eecbbe27b07b  ./bin/rk_a818_prj
c528e8971d70cc0bf5f8006e933e0f556028022a  ./bin/reg_rw
9dc1a1d5a93f1420848935ff26f28b333a9f1be6  ./data/NOSIGNAL/640x540/25.Raw
facc0ca1be1c5b0b8ece462a279fd702ba7289e7  ./data/NOSIGNAL/640x540/2.Raw
8717c51f5c4d9eed485757212ceeda4b9bed8791  ./data/NOSIGNAL/640x540/13.Raw
8fff86cb80a00b209cf27ffbcbe57cbf5e6cbd5f  ./data/NOSIGNAL/640x540/10.Raw
a05779dbf30f2d1a78a1328c41fa6c8ba18c5c73  ./data/NOSIGNAL/640x540/17.Raw
b1d330132b0ba1f4a9f515c479005bf2d2a16e8e  ./data/NOSIGNAL/640x540/12.Raw
e19d2f8854fec66bf04b84caf724f1d221837e1c  ./data/NOSIGNAL/640x540/4.Raw
a26ff371aeb10f73a8f2bef8c8488444126a9c0e  ./data/NOSIGNAL/640x540/11.Raw
d45b07fda9290554377221d6f1c55fbe63d07b42  ./data/NOSIGNAL/640x540/7.Raw
a204ef80fb5f3d27394e1a7167544f6b449f5455  ./data/NOSIGNAL/640x540/22.Raw
e9f2d3d0db8c373c5a393b34873954b2b125d942  ./data/NOSIGNAL/640x540/0.Raw
96498cd58568a68c65147f5a17c97b2f6bb54c1f  ./data/NOSIGNAL/640x540/23.Raw
de710e79370a6fdf18b9edcc3e9bd0961493d300  ./data/NOSIGNAL/640x540/5.Raw
0dbf247fdd96f48271318f373366fdcb16f8fd84  ./data/NOSIGNAL/640x540/9.Raw
30711b9929f0c5d662c4d2181c006185ad01de2b  ./data/NOSIGNAL/640x540/15.Raw
b72ca0ee6f63aafc267a774af33224d6aa43d9a7  ./data/NOSIGNAL/640x540/24.Raw
9b283be42e62e9fdfe4e91cf9a6f50acbf78ef1e  ./data/NOSIGNAL/640x540/6.Raw
6eb9fcee8030df606233b1379483e52c1c65b848  ./data/NOSIGNAL/640x540/16.Raw
b5cdc18ff6a3226dc346a42fc7157aad5f9bc1b8  ./data/NOSIGNAL/640x540/14.Raw
b9514814646ce2f7b1b94bd5dd36571c95a47bb4  ./data/NOSIGNAL/640x540/20.Raw
eb092e7469dd02f809e47cf70e6c586ae27aca5b  ./data/NOSIGNAL/640x540/3.Raw
05f52ec989d6729de24b1c6f482f6cc751f5d183  ./data/NOSIGNAL/640x540/8.Raw
1b1234dc65965b53559ce287ecac4be3bd7e52a3  ./data/NOSIGNAL/640x540/21.Raw
3c892b7aa46ab779c808fe6b23aea4d89f2ac403  ./data/NOSIGNAL/640x540/19.Raw
90bc16f2e8c40b6f3849196d131caac4c923c6f1  ./data/NOSIGNAL/640x540/1.Raw
4014bc7ae4993e87cdb5f1018c72292960cddcd2  ./data/NOSIGNAL/640x540/18.Raw
d90bbcb0d8642b83c147d468b1879baea32ae39c  ./data/NOSIGNAL/960x540/25.Raw
43b30759658ee1343263c0e862913f19048bd5b9  ./data/NOSIGNAL/960x540/2.Raw
2ca50a04790e4125cec18061031132e8c35283f0  ./data/NOSIGNAL/960x540/13.Raw
cfdffabb7fb1a8d0d8abc68e111b332dcead9c28  ./data/NOSIGNAL/960x540/10.Raw
17e8cb38053501a5283766b9794b99e9fe7b46bf  ./data/NOSIGNAL/960x540/17.Raw
d1cb3e93de28d5744b08c0b863b245518152119e  ./data/NOSIGNAL/960x540/12.Raw
8992683853b8a74c3ac380191e27996874449b8e  ./data/NOSIGNAL/960x540/4.Raw
c4bb1a2fff40a43ce15aacd378bcce8dd9a1da5e  ./data/NOSIGNAL/960x540/11.Raw
1d046a9ab0e890e6a33af5ae90728f20b961c0f4  ./data/NOSIGNAL/960x540/7.Raw
5b860449f284b8194098253d4060d11a055705b3  ./data/NOSIGNAL/960x540/22.Raw
b789c12ca57f19cfaf672ae5a6cdc19025907959  ./data/NOSIGNAL/960x540/0.Raw
dac2a2c9c37d60f6e1ca776ea651d55edc1f5394  ./data/NOSIGNAL/960x540/23.Raw
af18f0926fbcaddb583a9d6345286b6b6ef1b07e  ./data/NOSIGNAL/960x540/5.Raw
ad77678a9a43e6d8ef33057d20230930c1fc7149  ./data/NOSIGNAL/960x540/9.Raw
e1bff435d0ac9ce6332aa05127402beb558cd9f4  ./data/NOSIGNAL/960x540/15.Raw
79dc3f59105f814ca0201b290e243c67653ad535  ./data/NOSIGNAL/960x540/24.Raw
141d8222d699c25ee49d24dcfcadd37bc5bca74e  ./data/NOSIGNAL/960x540/6.Raw
a933fc1c369bd51a4291742324a951a404e79856  ./data/NOSIGNAL/960x540/16.Raw
6379710087a3dd3848d3a1542371384380de0f37  ./data/NOSIGNAL/960x540/14.Raw
40f9a1225eb8959e771efb44ada57849cffd55fb  ./data/NOSIGNAL/960x540/20.Raw
75dc9d6fec1a7d6bca5f58d65b23f782a23d6472  ./data/NOSIGNAL/960x540/3.Raw
84424a3022906914f40474f585b2df7ab7a6c892  ./data/NOSIGNAL/960x540/8.Raw
64a4c4dfd05e8b1a554e6c2701be4925f272631a  ./data/NOSIGNAL/960x540/21.Raw
fdd67763eaa430f39b9c93cd08a0729a55765d4a  ./data/NOSIGNAL/960x540/19.Raw
a79ebe4493ba3dcf524442311ae9a02fd3c16ee9  ./data/NOSIGNAL/960x540/1.Raw
33db7376fd8ca0a30496bf0371b33aa621d46613  ./data/NOSIGNAL/960x540/18.Raw
a9cc0b86eb85784a721057006fae4647e8196042  ./data/NOSIGNAL/1920x1080/25.Raw
f09f3bcd81bf6f8aa7f1e0a1bf20e1f7f9b84cd2  ./data/NOSIGNAL/1920x1080/2.Raw
bc4d5a1c7dc0860a40afabb326147a25531bbc37  ./data/NOSIGNAL/1920x1080/13.Raw
14af3a904b02f442cfcb70794ef806f5d6a1281f  ./data/NOSIGNAL/1920x1080/10.Raw
911d09451821f5fe73d080ac67190a5a290ddd8a  ./data/NOSIGNAL/1920x1080/17.Raw
fc542532d0585650d36017c5ac41aae38cf7ada5  ./data/NOSIGNAL/1920x1080/12.Raw
c80015da6932000079ef00f93d3ee3e7aa3b1c91  ./data/NOSIGNAL/1920x1080/4.Raw
3b13c93930ee53924b5c6294de0bdab21aa6ba5e  ./data/NOSIGNAL/1920x1080/11.Raw
6dc913ff54a2fecec7b75da681b2e6a387a6d1cc  ./data/NOSIGNAL/1920x1080/7.Raw
adf055e0c808e363f1f1e7c1da461c618b6cc8a3  ./data/NOSIGNAL/1920x1080/22.Raw
44386438d64775864f547efe25b968a4c155b118  ./data/NOSIGNAL/1920x1080/0.Raw
b428b1cd85ec1e6174f95abd64c68b560c305afd  ./data/NOSIGNAL/1920x1080/23.Raw
77734d57a67536f0876726802e1486cb4aad8dbe  ./data/NOSIGNAL/1920x1080/5.Raw
439beb3b024ff3c2ebe640bd0d5374fb4c88758b  ./data/NOSIGNAL/1920x1080/9.Raw
dbe42957a6a21299495374d7745fb18859ff675a  ./data/NOSIGNAL/1920x1080/15.Raw
7d2e8893a49f30687a558eac6215f961cc6ca788  ./data/NOSIGNAL/1920x1080/24.Raw
63f4691fca9214969688d88863e373d382c38c97  ./data/NOSIGNAL/1920x1080/6.Raw
642289415d56929a8889b160826a89b825e645bf  ./data/NOSIGNAL/1920x1080/16.Raw
a37ddf5cb00941a486042d6b7b071cd415b3500a  ./data/NOSIGNAL/1920x1080/14.Raw
1ecba6f9def5a3b46cbfd9dbd6649a76bda1604a  ./data/NOSIGNAL/1920x1080/20.Raw
9d439fe6f126e95902957f83aa4272ba4e5654b5  ./data/NOSIGNAL/1920x1080/3.Raw
5b40915c318558965d90bef1ed35102eb6974854  ./data/NOSIGNAL/1920x1080/8.Raw
38c8ca20ac8195e155d659f0276b9e0fea6b3278  ./data/NOSIGNAL/1920x1080/21.Raw
4ce84965def9ba512da35db52dfd3a2d140acd98  ./data/NOSIGNAL/1920x1080/19.Raw
e20990597494883a9f1ebb62a8f2c89a3ed622dd  ./data/NOSIGNAL/1920x1080/1.Raw
b3803faeb9f8121c75bb6b2e0ee86e2e5705d749  ./data/NOSIGNAL/1920x1080/18.Raw
19b9564c640ac31694879dec84719cf82634c765  ./data/NOSIGNAL/640x360/25.Raw
c0c7651a0dc8c1e737311b92d2b21ddc7a484cac  ./data/NOSIGNAL/640x360/2.Raw
a3fb766e38dec8e9f8e845a41349f138c975656e  ./data/NOSIGNAL/640x360/13.Raw
0e22a656827d590b11e10b0146735c36fbd48ba2  ./data/NOSIGNAL/640x360/10.Raw
ac31789c388558b94a4aaf61aaaab49841b85c77  ./data/NOSIGNAL/640x360/17.Raw
519f92abf36616a059eda9e1b347f95c97a6d58a  ./data/NOSIGNAL/640x360/12.Raw
e711bcca96af551e7d5e060db0dc9268841f377e  ./data/NOSIGNAL/640x360/4.Raw
9b236177c7ab62eafe169423f55124de319903d0  ./data/NOSIGNAL/640x360/11.Raw
eb1dfa6ba09d781a6e8e78f37d398c25ed70ffe3  ./data/NOSIGNAL/640x360/7.Raw
b85bad09d07b6fa82e7e0f9d6b11a98dbc7d2cc4  ./data/NOSIGNAL/640x360/22.Raw
dbe701c4bb82adea6577d6c19224e50e3047802a  ./data/NOSIGNAL/640x360/0.Raw
53ec230178df896845a642698e3f58ebfc635cf6  ./data/NOSIGNAL/640x360/23.Raw
3cdc1913e9c3d4bd31ba9b5af4c4b10b4a9308c7  ./data/NOSIGNAL/640x360/5.Raw
6dadb66f1ef8c42c603288aa69d835ffdbc478da  ./data/NOSIGNAL/640x360/9.Raw
f41a4cd7ef1aa61a5f7f1a2d47a70b76e4c64ff1  ./data/NOSIGNAL/640x360/15.Raw
7b823ed6f72e6b80b3b4985d02f8fbf73ee0bd4e  ./data/NOSIGNAL/640x360/24.Raw
8e07a5f079d3fa359a169a1778222e61dd8ecfeb  ./data/NOSIGNAL/640x360/6.Raw
944c96c6e56b544a8bf3ced0cfcd2541a83b6f5e  ./data/NOSIGNAL/640x360/16.Raw
97c637d5bd6d37c686e9ed5f6c185ea8c2aca94a  ./data/NOSIGNAL/640x360/14.Raw
728f14a1e6fde34b96425cab43315c1ced5fd00b  ./data/NOSIGNAL/640x360/20.Raw
a37d56630ce46b25284757b2e8e27191c3969fc0  ./data/NOSIGNAL/640x360/3.Raw
197a22ff6f54171f8f10906cb599a86df381fd9c  ./data/NOSIGNAL/640x360/8.Raw
5a40c8b99be5f704e5f488bd747fa8ae3b23f2e4  ./data/NOSIGNAL/640x360/21.Raw
5ffc8726aa61b3d4a3410d38a9076fa68314c1d9  ./data/NOSIGNAL/640x360/19.Raw
16e06ff49bdf98e5353e54499ce03fae211c1a6d  ./data/NOSIGNAL/640x360/1.Raw
5a07f8ee34aea089fa23104b8cc56122e423328b  ./data/NOSIGNAL/640x360/18.Raw
7cc7ec7aaf9f3d939468a1f7962283fa5fcbc48c  ./lib/libhetero_rk3588.so
83d045444c69fc769edcda4a9f62c86bdb0bb9f3  ./lib/opencv/libswscale.so.6.7.100
f38dbf77bcc4993551e44da3bebbdb00d272d383  ./lib/opencv/libopencv_dnn.so
af644e5a42216279aeafa2b502dab7384ff9abf4  ./lib/opencv/libjpeg.so.9.2.0
b83faacd6dcafabb357afac3a0211d45ec0aebe1  ./lib/opencv/libxvidcore.so.4
701f06076fc3ec7f48aea1e9e781007d6edb9535  ./lib/opencv/libavcodec.so.59.37.100
05bfb0179a38c0010ee2887ba7b70a206a8e1eeb  ./lib/opencv/libopencv_highgui.so
067b65522d66d6e2614693b8199aa33244dc2fe9  ./lib/opencv/libavfilter.so
4f2f64f9551f8beee4888c5a662df817b3e55042  ./lib/opencv/libpostproc.so.56
7ae4af19466f008f4bd05f7ad19a1cf962c76c6d  ./lib/opencv/libz.so.1
8677e27079c0497c1e37b98f79ab3b03ab975a0f  ./lib/opencv/libopencv_flann.so.4.5
7ae4af19466f008f4bd05f7ad19a1cf962c76c6d  ./lib/opencv/libz.so.1.2.13
701f06076fc3ec7f48aea1e9e781007d6edb9535  ./lib/opencv/libavcodec.so
b83faacd6dcafabb357afac3a0211d45ec0aebe1  ./lib/opencv/libxvidcore.so.4.3
05bfb0179a38c0010ee2887ba7b70a206a8e1eeb  ./lib/opencv/libopencv_highgui.so.4.5.4
46fa1e77ce7eaebfdc850a21ae848f3aeac4e366  ./lib/opencv/libopencv_ml.so.4.5
50a275d2ed2e73616e2d18ba6503d8b0510e4a35  ./lib/opencv/libswresample.so.4
5d7eb31be1eac6150c167a935350fcd9a73dd49e  ./lib/opencv/libavformat.so
625c0487866b6e1338f959375bfdc6772a618c9f  ./lib/opencv/libopencv_core.so.4.5
625c0487866b6e1338f959375bfdc6772a618c9f  ./lib/opencv/libopencv_core.so.4.5.4
af644e5a42216279aeafa2b502dab7384ff9abf4  ./lib/opencv/libjpeg.so.9
d4f41278d89014daa051d1c92b838eb2e0852538  ./lib/opencv/libopencv_video.so
83d045444c69fc769edcda4a9f62c86bdb0bb9f3  ./lib/opencv/libswscale.so.6
1fdf97dda879008e11ff993e4bfc79fb9df99b02  ./lib/opencv/libopencv_objdetect.so.4.5
bd99b00a36f68d82e3a2a082551e388ec0a6eb32  ./lib/opencv/libopencv_imgproc.so
af644e5a42216279aeafa2b502dab7384ff9abf4  ./lib/opencv/libjpeg.so
38417dbfdc110f303cf3832f57a0c26d810b4845  ./lib/opencv/libopencv_photo.so.4.5
83d045444c69fc769edcda4a9f62c86bdb0bb9f3  ./lib/opencv/libswscale.so
067b65522d66d6e2614693b8199aa33244dc2fe9  ./lib/opencv/libavfilter.so.8.44.100
5a01a2096b557ef108cd69116e308d2d24a4f8e2  ./lib/opencv/libpng.so
8677e27079c0497c1e37b98f79ab3b03ab975a0f  ./lib/opencv/libopencv_flann.so.4.5.4
e00fc6edca666443ebc8a50c00af7eccbaaa42cb  ./lib/opencv/libavdevice.so.59.7.100
bd99b00a36f68d82e3a2a082551e388ec0a6eb32  ./lib/opencv/libopencv_imgproc.so.4.5
5d7eb31be1eac6150c167a935350fcd9a73dd49e  ./lib/opencv/libavformat.so.59
50a275d2ed2e73616e2d18ba6503d8b0510e4a35  ./lib/opencv/libswresample.so.4.7.100
b83faacd6dcafabb357afac3a0211d45ec0aebe1  ./lib/opencv/libxvidcore.so
067b65522d66d6e2614693b8199aa33244dc2fe9  ./lib/opencv/libavfilter.so.8
be06929bb7455847c3f98a18cfbdbbc631be14ae  ./lib/opencv/libx264.so.164
2b86a6870cb579081de9d8a86f48dc6d1d2e4f5f  ./lib/opencv/libopencv_features2d.so.4.5
16915250b4da051235148f211673e6ff6bcf109b  ./lib/opencv/libopencv_videoio.so
f38dbf77bcc4993551e44da3bebbdb00d272d383  ./lib/opencv/libopencv_dnn.so.4.5
16915250b4da051235148f211673e6ff6bcf109b  ./lib/opencv/libopencv_videoio.so.4.5
e00fc6edca666443ebc8a50c00af7eccbaaa42cb  ./lib/opencv/libavdevice.so
5d7eb31be1eac6150c167a935350fcd9a73dd49e  ./lib/opencv/libavformat.so.59.27.100
2b86a6870cb579081de9d8a86f48dc6d1d2e4f5f  ./lib/opencv/libopencv_features2d.so
38417dbfdc110f303cf3832f57a0c26d810b4845  ./lib/opencv/libopencv_photo.so.4.5.4
f38dbf77bcc4993551e44da3bebbdb00d272d383  ./lib/opencv/libopencv_dnn.so.4.5.4
38417dbfdc110f303cf3832f57a0c26d810b4845  ./lib/opencv/libopencv_photo.so
701f06076fc3ec7f48aea1e9e781007d6edb9535  ./lib/opencv/libavcodec.so.59
43216863aea4231dad03aeaaaa2bcecb76c06a04  ./lib/opencv/libopencv_stitching.so.4.5
1fdf97dda879008e11ff993e4bfc79fb9df99b02  ./lib/opencv/libopencv_objdetect.so.4.5.4
0fdcaf0771d9c4d87e59263941f5cd0790524059  ./lib/opencv/libopencv_imgcodecs.so
d4f41278d89014daa051d1c92b838eb2e0852538  ./lib/opencv/libopencv_video.so.4.5
4f8bf3c447003ae113c44aea1e821f85bce392ca  ./lib/opencv/libavutil.so.57.28.100
bd99b00a36f68d82e3a2a082551e388ec0a6eb32  ./lib/opencv/libopencv_imgproc.so.4.5.4
4f8bf3c447003ae113c44aea1e821f85bce392ca  ./lib/opencv/libavutil.so
53ef3c473159deba62f4eef1db7cbcab527dee8e  ./lib/opencv/libopencv_calib3d.so.4.5.4
5a01a2096b557ef108cd69116e308d2d24a4f8e2  ./lib/opencv/libpng16.so
43216863aea4231dad03aeaaaa2bcecb76c06a04  ./lib/opencv/libopencv_stitching.so
4f2f64f9551f8beee4888c5a662df817b3e55042  ./lib/opencv/libpostproc.so.56.6.100
4f2f64f9551f8beee4888c5a662df817b3e55042  ./lib/opencv/libpostproc.so
0fdcaf0771d9c4d87e59263941f5cd0790524059  ./lib/opencv/libopencv_imgcodecs.so.4.5.4
2b86a6870cb579081de9d8a86f48dc6d1d2e4f5f  ./lib/opencv/libopencv_features2d.so.4.5.4
8677e27079c0497c1e37b98f79ab3b03ab975a0f  ./lib/opencv/libopencv_flann.so
05bfb0179a38c0010ee2887ba7b70a206a8e1eeb  ./lib/opencv/libopencv_highgui.so.4.5
5a01a2096b557ef108cd69116e308d2d24a4f8e2  ./lib/opencv/libpng16.so.16.38.0
46fa1e77ce7eaebfdc850a21ae848f3aeac4e366  ./lib/opencv/libopencv_ml.so
0fdcaf0771d9c4d87e59263941f5cd0790524059  ./lib/opencv/libopencv_imgcodecs.so.4.5
e00fc6edca666443ebc8a50c00af7eccbaaa42cb  ./lib/opencv/libavdevice.so.59
42e5589f04bb69be54a43e57b853a37f603daff0  ./lib/opencv/libmp4v2.a
be06929bb7455847c3f98a18cfbdbbc631be14ae  ./lib/opencv/libx264.so
7ae4af19466f008f4bd05f7ad19a1cf962c76c6d  ./lib/opencv/libz.so
5a01a2096b557ef108cd69116e308d2d24a4f8e2  ./lib/opencv/libpng16.so.16
53ef3c473159deba62f4eef1db7cbcab527dee8e  ./lib/opencv/libopencv_calib3d.so
d4f41278d89014daa051d1c92b838eb2e0852538  ./lib/opencv/libopencv_video.so.4.5.4
5138f1064693ba35423f7183f5a5943d72ddd9be  ./lib/opencv/libexif.a
43216863aea4231dad03aeaaaa2bcecb76c06a04  ./lib/opencv/libopencv_stitching.so.4.5.4
46fa1e77ce7eaebfdc850a21ae848f3aeac4e366  ./lib/opencv/libopencv_ml.so.4.5.4
50a275d2ed2e73616e2d18ba6503d8b0510e4a35  ./lib/opencv/libswresample.so
4f8bf3c447003ae113c44aea1e821f85bce392ca  ./lib/opencv/libavutil.so.57
625c0487866b6e1338f959375bfdc6772a618c9f  ./lib/opencv/libopencv_core.so
16915250b4da051235148f211673e6ff6bcf109b  ./lib/opencv/libopencv_videoio.so.4.5.4
1fdf97dda879008e11ff993e4bfc79fb9df99b02  ./lib/opencv/libopencv_objdetect.so
53ef3c473159deba62f4eef1db7cbcab527dee8e  ./lib/opencv/libopencv_calib3d.so.4.5
d73cd587619720b4acf1562f8fa02f4450249050  ./lib/libdrm.so
808dcb9651e45711d0f8cdd14957f3516a377444  ./lib/libucgui_rk3588.so
2cca1c52de8ec3de2bcb92d981787bdcac9725f2  ./script/daemon.sh
6f9d38bfdb57600fed1b7f4b6f172198474bfe8d  ./script/on_check_ok.sh
b75344ca6daa02998ea7a1dfeee28b9ebf1e861f  ./script/app_start.sh
178e6e7c28c6f64a83881c81bd1ed42a58e64e42  ./script/load_driver.sh
ec788e57486a2346bc23977966b22587c94f32c8  ./script/start_app.sh
b63d5580d66749a1ee76f19e489c77fce604c157  ./script/unpacker.sh
a0e5dbff11a71ff03f6e1c693f08411e50403468  ./script/change_cpu.sh
