3f16d2fdf270ea251fcaae02dca938250bccdc97  ./misc/machine_model
17d807f27bf9b7f8b672edaf2620515c62a57e67  ./bin/dirent_srtuct_file1.txt
0fbe5398510bac6ec911b4db24df80db5eddb7b3  ./bin/rk_rga_test
edf477d39c02a4d7bc299cf558db8132bf85d440  ./bin/net_upgrade
b97b95e2a43f077ce62817f145fe011ebd120fc1  ./bin/load_driver.sh
7cc7ec7aaf9f3d939468a1f7962283fa5fcbc48c  ./lib/libhetero.so
023905f2d2ca4e7273eb924ba516458d744db4eb  ./lib/libucgui_rk3588_4K.so
7cc7ec7aaf9f3d939468a1f7962283fa5fcbc48c  ./lib/libhetero_rk3588.so
29dd5de98f4e0e64e287770178e47d26ef48df2b  ./lib/mpp/mpp.zip
f5b98b72b824d6249e7b16eccbe088019fcb5a72  ./lib/mpp/librockchip_mpp.so.1
f5b98b72b824d6249e7b16eccbe088019fcb5a72  ./lib/mpp/librockchip_mpp.so
f5b98b72b824d6249e7b16eccbe088019fcb5a72  ./lib/mpp/librockchip_mpp.so.0
5854bfafe0a1c949f527f0857755e78bb8a3e351  ./lib/opencv/opencv.tar.gz
808dcb9651e45711d0f8cdd14957f3516a377444  ./lib/libucgui_rk3588.so
b12d84c25244038eb6857573cc624086fd8cf4d9  ./moudles/xdma_drv/xdma/xdma.ko_250808_back
011a19ac6054f2f985f5c220ef5561cf8b46676e  ./moudles/xdma_drv/xdma/xdma.ko
b9addd884cd941d36df8e128bd90341bab19b5ec  ./moudles/xdma_drv/tools/dma_to_device
cd6800e5bd07d40ec9fd45ffd12fdcd31d522ff5  ./moudles/xdma_drv/tools/dma_from_device
f4b1761027bb3e8c031a4b92668405725ce79bfc  ./moudles/xdma_drv/tools/performance
fa533e1254223b7ce32eba2dcc5e45c967a65ce3  ./moudles/xdma_drv/tools/cmp_x
947e345cb3144f426b3603850f694d0f6fffe9b8  ./moudles/xdma_drv/tools/uav19AG_app
c528e8971d70cc0bf5f8006e933e0f556028022a  ./moudles/xdma_drv/tools/reg_rw
c31d09a05f3cdf3b0eaa19b60658816f7272dfe1  ./moudles/xdma_drv/tools/test_chrdev
0c4f78ea6e2da432b16cc9c9321dcea7f5acf2c7  ./moudles/xdma_drv/tests/dma_memory_mapped_test.sh
2a620cce7e786f696df8778e8063ee39c41568e9  ./moudles/xdma_drv/tests/perform_hwcount.sh
f4d0ef5e4b530d37407bc49c5eaeec7e86df467a  ./moudles/xdma_drv/tests/scripts_mm/fio_test.sh
b59e212267736aba1d2c9c3d7dcbc29124652102  ./moudles/xdma_drv/tests/scripts_mm/io.sh
85bf3766e1c7cfe88aa327da03b457f64918b2e0  ./moudles/xdma_drv/tests/scripts_mm/unaligned.sh
f0eea578bdb386a475b433b770e705ccaafd3411  ./moudles/xdma_drv/tests/scripts_mm/xdma_mm.sh
8bcd05f98dadbf8ef1e02503a2a62c53b7f8fc55  ./moudles/xdma_drv/tests/scripts_mm/io_sweep.sh
050ef19036c5890074715561ad9f22a8e0d44db5  ./moudles/xdma_drv/tests/scripts_mm/libtest.sh
463ba8235e96ec91bef1e27387602c4eb4550c0a  ./moudles/xdma_drv/tests/scripts_mm/fio_parse_result.sh
1bca2b65d3d4835ea4a8236c6a600a0986eea697  ./moudles/xdma_drv/tests/data/datafile_32M.bin
e9dded8c84614e894501965af60c2525794a8c7d  ./moudles/xdma_drv/tests/data/datafile3_4K.bin
6d9b2d078408d1ab0872cc7471a8863b99a06465  ./moudles/xdma_drv/tests/data/datafile_8K.bin
4c34ecd47be1106f9a7b7fd576915f05317f89bc  ./moudles/xdma_drv/tests/data/datafile_256K.bin
686baac143c03a6745b84fd40e0918a4c3eaa3cd  ./moudles/xdma_drv/tests/data/datafile2_4K.bin
38cbc7951061b18a7ac7a2df847f856cb1f12d33  ./moudles/xdma_drv/tests/data/datafile0_4K.bin
db0377dc7b668aa69d34272324f8c38725bb1fc9  ./moudles/xdma_drv/tests/data/datafile1_4K.bin
7aede36a750d555372a34c024f9be27730682996  ./moudles/xdma_drv/tests/run_test.sh
3432a74e75053a7402924a52da253f72b78dcf8b  ./moudles/xdma_drv/tests/reg_rw
d798b5d44ccc092a9b2172ace8ab4b2837fa489c  ./moudles/xdma_drv/tests/load_driver.sh
a26ab5c6dbc5bf8a18e6c8e5e7feeb4ef53be8b5  ./moudles/xdma_drv/tests/dma_read.txt
5a9ad7e1f01860b00ea71dbe597daa5d64c91f5c  ./moudles/xdma_drv/tests/dma_streaming_test.sh
067cffe3ae9b66e2d594204615b3cda9e1a84fe8  ./moudles/xdma_drv.tar.gz
bfa9123ee8497aac270cd5eceb0bff3863b16a2e  ./script/gdb_config.sh
037bc94208fe42100f4b901d7c620bb6a60116a8  ./script/daemon.sh
6f9d38bfdb57600fed1b7f4b6f172198474bfe8d  ./script/on_check_ok.sh
5e9c5450b41b914e62ec211890e1e1f9388d162a  ./script/app_start.sh
c528e8971d70cc0bf5f8006e933e0f556028022a  ./script/reg_rw
178e6e7c28c6f64a83881c81bd1ed42a58e64e42  ./script/load_driver.sh
56b186aaf33c2a1c72609a5e6034aadb195c2d71  ./script/start_app.sh
5b7494f940e88901b6dda19381f05d00892c15c0  ./script/unpacker.sh
a0e5dbff11a71ff03f6e1c693f08411e50403468  ./script/change_cpu.sh
